Bot Log Started
2026-03-10 12:53:56  WARNING   discord.client — PyNaCl is not installed, voice will NOT be supported
2026-03-10 12:53:56  WARNING   discord.client — davey is not installed, voice will NOT be supported
2026-03-10 12:53:56  INFO      discord.client — logging in using static token
2026-03-10 12:53:56  INFO      ticketbot.main — ⚙️   Running setup_hook…
2026-03-10 12:54:27  WARNING   ticketbot.db — MongoDB connection failed (localhost:27017: [Errno 111] Connection refused (configured timeouts: socketTimeoutMS: 20000.0ms, connectTimeoutMS: 20000.0ms), Timeout: 30s, Topology Description: <TopologyDescription id: 69b01465848617690a0a9a52, topology_type: Unknown, servers: [<ServerDescription ('localhost', 27017) server_type: Unknown, rtt: None, error=AutoReconnect('localhost:27017: [Errno 111] Connection refused (configured timeouts: socketTimeoutMS: 20000.0ms, connectTimeoutMS: 20000.0ms)')>]>) – using JSON fallback.
2026-03-10 12:54:27  INFO      ticketbot.db — 📂  Using JSON file storage (data/ directory).
2026-03-10 12:54:27  ERROR     ticketbot.main — ❌  Failed to load cog cogs.tickets: Extension 'cogs.tickets' has no 'setup' function.
Traceback (most recent call last):
  File "/home/container/.local/lib/python3.12/site-packages/discord/ext/commands/bot.py", line 968, in _load_from_module_spec
    setup = getattr(lib, 'setup')
            ^^^^^^^^^^^^^^^^^^^^^
AttributeError: module 'cogs.tickets' has no attribute 'setup'

During handling of the above exception, another exception occurred:

Traceback (most recent call last):
  File "/home/container/Main.py", line 106, in setup_hook
    await self.load_extension(cog)
  File "/home/container/.local/lib/python3.12/site-packages/discord/ext/commands/bot.py", line 1040, in load_extension
    await self._load_from_module_spec(spec, name)
  File "/home/container/.local/lib/python3.12/site-packages/discord/ext/commands/bot.py", line 971, in _load_from_module_spec
    raise errors.NoEntryPointError(key)
discord.ext.commands.errors.NoEntryPointError: Extension 'cogs.tickets' has no 'setup' function.
2026-03-10 12:54:28  INFO      ticketbot.dashboard — 🌐  Web dashboard starting on port 5000
2026-03-10 12:54:28  INFO      ticketbot.dashboard — ✅  Dashboard thread started.
2026-03-10 12:54:28  INFO      ticketbot.main — ✅  Loaded cog: cogs.dashboard
2026-03-10 12:54:28  INFO      ticketbot.main — ✅  setup_hook complete.
2026-03-10 12:54:28  INFO      werkzeug — [31m[1mWARNING: This is a development server. Do not use it in a production deployment. Use a production WSGI server instead.[0m
 * Running on all addresses (0.0.0.0)
 * Running on http://127.0.0.1:5000
 * Running on http://172.18.116.3:5000
2026-03-10 12:54:28  INFO      werkzeug — [33mPress CTRL+C to quit[0m
2026-03-10 12:54:29  INFO      discord.gateway — Shard ID None has connected to Gateway (Session ID: 8d00fce774a0747e400b239183d85d51).
2026-03-10 12:54:31  INFO      ticketbot.main — ============================================================
2026-03-10 12:54:31  INFO      ticketbot.main —   🤖  Bot ready!  Logged in as FUSE~OS#1009 (ID: 1479852600370135173)
2026-03-10 12:54:31  INFO      ticketbot.main —   📡  Connected to 1 guild(s)
2026-03-10 12:54:31  INFO      ticketbot.main —   🔧  Prefix: +
2026-03-10 12:54:31  INFO      ticketbot.main — ============================================================
2026-03-10 13:05:28  INFO      ticketbot.dashboard — DashboardCog unloaded.
2026-03-10 13:05:58  WARNING   discord.client — PyNaCl is not installed, voice will NOT be supported
2026-03-10 13:05:58  WARNING   discord.client — davey is not installed, voice will NOT be supported
2026-03-10 13:05:58  INFO      discord.client — logging in using static token
2026-03-10 13:05:59  INFO      ticketbot.main — ⚙️   Running setup_hook…
2026-03-10 13:06:29  WARNING   ticketbot.db — MongoDB connection failed (localhost:27017: [Errno 111] Connection refused (configured timeouts: socketTimeoutMS: 20000.0ms, connectTimeoutMS: 20000.0ms), Timeout: 30s, Topology Description: <TopologyDescription id: 69b01737200d79bec3a6a037, topology_type: Unknown, servers: [<ServerDescription ('localhost', 27017) server_type: Unknown, rtt: None, error=AutoReconnect('localhost:27017: [Errno 111] Connection refused (configured timeouts: socketTimeoutMS: 20000.0ms, connectTimeoutMS: 20000.0ms)')>]>) – using JSON fallback.
2026-03-10 13:06:29  INFO      ticketbot.db — 📂  Using JSON file storage (data/ directory).
2026-03-10 13:06:30  INFO      ticketbot.tickets — TicketsCog loaded — persistent views registered.
2026-03-10 13:06:30  INFO      ticketbot.main — ✅  Loaded cog: cogs.tickets
2026-03-10 13:06:30  INFO      ticketbot.dashboard — 🌐  Web dashboard starting on port 5000
2026-03-10 13:06:30  INFO      werkzeug — [31m[1mWARNING: This is a development server. Do not use it in a production deployment. Use a production WSGI server instead.[0m
 * Running on all addresses (0.0.0.0)
 * Running on http://127.0.0.1:5000
 * Running on http://172.18.116.3:5000
2026-03-10 13:06:30  INFO      werkzeug — [33mPress CTRL+C to quit[0m
2026-03-10 13:06:30  INFO      ticketbot.dashboard — ✅  Dashboard thread started.
2026-03-10 13:06:30  INFO      ticketbot.main — ✅  Loaded cog: cogs.dashboard
2026-03-10 13:06:30  INFO      ticketbot.main — ✅  setup_hook complete.
2026-03-10 13:06:31  INFO      discord.gateway — Shard ID None has connected to Gateway (Session ID: 661d00765963f6477ead4b5c1bd02743).
2026-03-10 13:06:33  INFO      ticketbot.main — ============================================================
2026-03-10 13:06:33  INFO      ticketbot.main —   🤖  Bot ready!  Logged in as FUSE~OS#1009 (ID: 1479852600370135173)
2026-03-10 13:06:33  INFO      ticketbot.main —   📡  Connected to 1 guild(s)
2026-03-10 13:06:33  INFO      ticketbot.main —   🔧  Prefix: +
2026-03-10 13:06:33  INFO      ticketbot.main — ============================================================
2026-03-10 13:08:42  INFO      ticketbot.tickets — Could not DM user 832492900042014740: 403 Forbidden (error code: 50278): Cannot send messages to this user
2026-03-10 13:10:47  INFO      ticketbot.tickets — Could not DM user 832492900042014740: 403 Forbidden (error code: 50278): Cannot send messages to this user
2026-03-10 13:29:09  INFO      discord.gateway — Shard ID None has successfully RESUMED session 661d00765963f6477ead4b5c1bd02743.
2026-03-10 15:02:25  INFO      ticketbot.dashboard — DashboardCog unloaded.
2026-03-10 15:04:42  WARNING   discord.client — PyNaCl is not installed, voice will NOT be supported
2026-03-10 15:04:42  WARNING   discord.client — davey is not installed, voice will NOT be supported
2026-03-10 15:04:42  INFO      discord.client — logging in using static token
2026-03-10 15:04:42  INFO      ticketbot.main — ⚙️   Running setup_hook…
2026-03-10 15:05:13  WARNING   ticketbot.db — MongoDB connection failed (localhost:27017: [Errno 111] Connection refused (configured timeouts: socketTimeoutMS: 20000.0ms, connectTimeoutMS: 20000.0ms), Timeout: 30s, Topology Description: <TopologyDescription id: 69b0330b4ab3f2c662329af2, topology_type: Unknown, servers: [<ServerDescription ('localhost', 27017) server_type: Unknown, rtt: None, error=AutoReconnect('localhost:27017: [Errno 111] Connection refused (configured timeouts: socketTimeoutMS: 20000.0ms, connectTimeoutMS: 20000.0ms)')>]>) – using JSON fallback.
2026-03-10 15:05:13  INFO      ticketbot.db — 📂  Using JSON file storage (data/ directory).
2026-03-10 15:05:13  INFO      ticketbot.tickets — TicketsCog loaded — persistent views registered.
2026-03-10 15:05:13  INFO      ticketbot.main — ✅  Loaded cog: cogs.tickets
2026-03-10 15:05:14  INFO      ticketbot.dashboard — 🌐  Web dashboard starting on port 5000
2026-03-10 15:05:14  INFO      ticketbot.dashboard — ✅  Dashboard thread started.
2026-03-10 15:05:14  INFO      ticketbot.main — ✅  Loaded cog: cogs.dashboard
2026-03-10 15:05:14  INFO      ticketbot.main — ✅  setup_hook complete.
2026-03-10 15:05:14  INFO      werkzeug — [31m[1mWARNING: This is a development server. Do not use it in a production deployment. Use a production WSGI server instead.[0m
 * Running on all addresses (0.0.0.0)
 * Running on http://127.0.0.1:5000
 * Running on http://172.18.116.3:5000
2026-03-10 15:05:14  INFO      werkzeug — [33mPress CTRL+C to quit[0m
2026-03-10 15:05:15  INFO      discord.gateway — Shard ID None has connected to Gateway (Session ID: 792ebf82a4682c410cc454b774143c53).
2026-03-10 15:05:17  INFO      ticketbot.main — ============================================================
2026-03-10 15:05:17  INFO      ticketbot.main —   🤖  Bot ready!  Logged in as FUSE~OS#1009 (ID: 1479852600370135173)
2026-03-10 15:05:17  INFO      ticketbot.main —   📡  Connected to 1 guild(s)
2026-03-10 15:05:17  INFO      ticketbot.main —   🔧  Prefix: +
2026-03-10 15:05:17  INFO      ticketbot.main — ============================================================
2026-03-10 15:09:16  INFO      ticketbot.dashboard — DashboardCog unloaded.
2026-03-10 15:09:50  WARNING   discord.client — PyNaCl is not installed, voice will NOT be supported
2026-03-10 15:09:50  WARNING   discord.client — davey is not installed, voice will NOT be supported
2026-03-10 15:09:50  INFO      discord.client — logging in using static token
2026-03-10 15:09:51  INFO      ticketbot.main — ⚙️   Running setup_hook…
2026-03-10 15:10:22  WARNING   ticketbot.db — MongoDB connection failed (localhost:27017: [Errno 111] Connection refused (configured timeouts: socketTimeoutMS: 20000.0ms, connectTimeoutMS: 20000.0ms), Timeout: 30s, Topology Description: <TopologyDescription id: 69b034406b1b6c96b7207381, topology_type: Unknown, servers: [<ServerDescription ('localhost', 27017) server_type: Unknown, rtt: None, error=AutoReconnect('localhost:27017: [Errno 111] Connection refused (configured timeouts: socketTimeoutMS: 20000.0ms, connectTimeoutMS: 20000.0ms)')>]>) – using JSON fallback.
2026-03-10 15:10:22  INFO      ticketbot.db — 📂  Using JSON file storage (data/ directory).
2026-03-10 15:10:22  INFO      ticketbot.tickets — TicketsCog loaded — persistent views registered.
2026-03-10 15:10:22  INFO      ticketbot.main — ✅  Loaded cog: cogs.tickets
2026-03-10 15:10:23  INFO      ticketbot.dashboard — 🌐  Web dashboard starting on port 5000
2026-03-10 15:10:23  INFO      ticketbot.dashboard — ✅  Dashboard thread started.
2026-03-10 15:10:23  INFO      ticketbot.main — ✅  Loaded cog: cogs.dashboard
2026-03-10 15:10:23  INFO      ticketbot.main — ✅  setup_hook complete.
2026-03-10 15:10:23  INFO      werkzeug — [31m[1mWARNING: This is a development server. Do not use it in a production deployment. Use a production WSGI server instead.[0m
 * Running on all addresses (0.0.0.0)
 * Running on http://127.0.0.1:5000
 * Running on http://172.18.116.3:5000
2026-03-10 15:10:23  INFO      werkzeug — [33mPress CTRL+C to quit[0m
2026-03-10 15:10:23  INFO      discord.gateway — Shard ID None has connected to Gateway (Session ID: 0983da1716bbf64227c406c258c312b1).
2026-03-10 15:10:25  INFO      ticketbot.main — ============================================================
2026-03-10 15:10:25  INFO      ticketbot.main —   🤖  Bot ready!  Logged in as FUSE~OS#1009 (ID: 1479852600370135173)
2026-03-10 15:10:25  INFO      ticketbot.main —   📡  Connected to 1 guild(s)
2026-03-10 15:10:25  INFO      ticketbot.main —   🔧  Prefix: +
2026-03-10 15:10:25  INFO      ticketbot.main — ============================================================
2026-03-10 15:12:49  INFO      ticketbot.dashboard — DashboardCog unloaded.
2026-03-10 15:13:19  WARNING   discord.client — PyNaCl is not installed, voice will NOT be supported
2026-03-10 15:13:19  WARNING   discord.client — davey is not installed, voice will NOT be supported
2026-03-10 15:13:19  INFO      discord.client — logging in using static token
2026-03-10 15:13:20  INFO      ticketbot.main — ⚙️   Running setup_hook…
2026-03-10 15:13:50  WARNING   ticketbot.db — MongoDB connection failed (localhost:27017: [Errno 111] Connection refused (configured timeouts: socketTimeoutMS: 20000.0ms, connectTimeoutMS: 20000.0ms), Timeout: 30s, Topology Description: <TopologyDescription id: 69b035105a3b0d9bebd48edc, topology_type: Unknown, servers: [<ServerDescription ('localhost', 27017) server_type: Unknown, rtt: None, error=AutoReconnect('localhost:27017: [Errno 111] Connection refused (configured timeouts: socketTimeoutMS: 20000.0ms, connectTimeoutMS: 20000.0ms)')>]>) – using JSON fallback.
2026-03-10 15:13:50  INFO      ticketbot.db — 📂  Using JSON file storage (data/ directory).
2026-03-10 15:13:51  INFO      ticketbot.tickets — TicketsCog loaded — persistent views registered.
2026-03-10 15:13:51  INFO      ticketbot.main — ✅  Loaded cog: cogs.tickets
2026-03-10 15:13:51  INFO      ticketbot.dashboard — 🌐  Web dashboard starting on port 5000
2026-03-10 15:13:51  INFO      ticketbot.dashboard — ✅  Dashboard thread started.
2026-03-10 15:13:51  INFO      ticketbot.main — ✅  Loaded cog: cogs.dashboard
2026-03-10 15:13:51  INFO      ticketbot.main — ✅  setup_hook complete.
2026-03-10 15:13:51  INFO      werkzeug — [31m[1mWARNING: This is a development server. Do not use it in a production deployment. Use a production WSGI server instead.[0m
 * Running on all addresses (0.0.0.0)
 * Running on http://127.0.0.1:5000
 * Running on http://172.18.116.3:5000
2026-03-10 15:13:51  INFO      werkzeug — [33mPress CTRL+C to quit[0m
2026-03-10 15:13:52  INFO      discord.gateway — Shard ID None has connected to Gateway (Session ID: 858907aaebe02fc9476b31ae006dee41).
2026-03-10 15:13:54  INFO      ticketbot.main — ============================================================
2026-03-10 15:13:54  INFO      ticketbot.main —   🤖  Bot ready!  Logged in as FUSE~OS#1009 (ID: 1479852600370135173)
2026-03-10 15:13:54  INFO      ticketbot.main —   📡  Connected to 1 guild(s)
2026-03-10 15:13:54  INFO      ticketbot.main —   🔧  Prefix: +
2026-03-10 15:13:54  INFO      ticketbot.main — ============================================================
2026-03-10 15:16:48  INFO      ticketbot.dashboard — DashboardCog unloaded.
2026-03-10 15:17:38  WARNING   discord.client — PyNaCl is not installed, voice will NOT be supported
2026-03-10 15:17:38  WARNING   discord.client — davey is not installed, voice will NOT be supported
2026-03-10 15:17:38  INFO      discord.client — logging in using static token
2026-03-10 15:17:39  INFO      ticketbot.main — ⚙️   Running setup_hook…
2026-03-10 15:18:10  WARNING   ticketbot.db — MongoDB connection failed (localhost:27017: [Errno 111] Connection refused (configured timeouts: socketTimeoutMS: 20000.0ms, connectTimeoutMS: 20000.0ms), Timeout: 30s, Topology Description: <TopologyDescription id: 69b03614ae1422024e6bb5ec, topology_type: Unknown, servers: [<ServerDescription ('localhost', 27017) server_type: Unknown, rtt: None, error=AutoReconnect('localhost:27017: [Errno 111] Connection refused (configured timeouts: socketTimeoutMS: 20000.0ms, connectTimeoutMS: 20000.0ms)')>]>) – using JSON fallback.
2026-03-10 15:18:10  INFO      ticketbot.db — 📂  Using JSON file storage (data/ directory).
2026-03-10 15:18:10  INFO      ticketbot.tickets — TicketsCog loaded — persistent views registered.
2026-03-10 15:18:10  INFO      ticketbot.main — ✅  Loaded cog: cogs.tickets
2026-03-10 15:18:11  INFO      ticketbot.dashboard — 🌐  Web dashboard starting on port 5000
2026-03-10 15:18:11  INFO      ticketbot.dashboard — ✅  Dashboard thread started.
2026-03-10 15:18:11  INFO      ticketbot.main — ✅  Loaded cog: cogs.dashboard
2026-03-10 15:18:11  INFO      ticketbot.main — ✅  setup_hook complete.
2026-03-10 15:18:11  INFO      werkzeug — [31m[1mWARNING: This is a development server. Do not use it in a production deployment. Use a production WSGI server instead.[0m
 * Running on all addresses (0.0.0.0)
 * Running on http://127.0.0.1:5000
 * Running on http://172.18.116.3:5000
2026-03-10 15:18:11  INFO      werkzeug — [33mPress CTRL+C to quit[0m
2026-03-10 15:18:11  INFO      discord.gateway — Shard ID None has connected to Gateway (Session ID: 41f18daa1441f3a90e4d7b6dfe4f40bc).
2026-03-10 15:18:13  INFO      ticketbot.main — ============================================================
2026-03-10 15:18:13  INFO      ticketbot.main —   🤖  Bot ready!  Logged in as FUSE~OS#1009 (ID: 1479852600370135173)
2026-03-10 15:18:13  INFO      ticketbot.main —   📡  Connected to 1 guild(s)
2026-03-10 15:18:13  INFO      ticketbot.main —   🔧  Prefix: +
2026-03-10 15:18:13  INFO      ticketbot.main — ============================================================
2026-03-10 15:25:52  INFO      ticketbot.tickets — Could not DM user 832492900042014740: 403 Forbidden (error code: 50278): Cannot send messages to this user
2026-03-10 15:36:44  INFO      discord.gateway — Shard ID None has successfully RESUMED session 41f18daa1441f3a90e4d7b6dfe4f40bc.
2026-03-10 15:58:43  INFO      discord.gateway — Shard ID None has successfully RESUMED session 41f18daa1441f3a90e4d7b6dfe4f40bc.
